<?xml version="1.0" encoding="UTF-8"?>
<testng-results ignored="0" total="1" passed="1" failed="0" skipped="0">
  <reporter-output>
  </reporter-output>
  <suite started-at="2024-09-13T00:19:37 EDT" name="Default suite" finished-at="2024-09-13T00:20:15 EDT" duration-ms="37676">
    <groups>
    </groups>
    <test started-at="2024-09-13T00:19:37 EDT" name="Default test" finished-at="2024-09-13T00:20:15 EDT" duration-ms="37676">
      <class name="com.afficiency.BookDemoTests">
        <test-method signature="loginTest()[pri:0, instance:com.afficiency.BookDemoTests@654f0d9c]" started-at="2024-09-13T00:19:37 EDT" name="loginTest" finished-at="2024-09-13T00:20:15 EDT" duration-ms="37661" status="PASS">
          <reporter-output>
          </reporter-output>
        </test-method> <!-- loginTest -->
      </class> <!-- com.afficiency.BookDemoTests -->
    </test> <!-- Default test -->
  </suite> <!-- Default suite -->
</testng-results>
